<?xml version="1.0" encoding="UTF-8"?>
<!-- Generated by org.testng.reporters.JUnitXMLReporter -->
<testsuite hostname="MacBook-Pro-of-Yogesh.local" ignored="2" name="Default test" tests="1" failures="0" timestamp="08 Jan 2022 16:44:58 GMT" time="1.36" errors="0">
  <testcase name="get_user_nonBDD_with_Param" time="1.344" classname="com.rest.api.get.get_nonBDD_API"/>
  <testcase name="get_user_nonBDD" time="0.0" classname="com.rest.api.get.get_nonBDD_API">
    <ignored/>
  </testcase> <!-- get_user_nonBDD -->
  <testcase name="get_user_nonBDD_with_HashParam" time="0.0" classname="com.rest.api.get.get_nonBDD_API">
    <ignored/>
  </testcase> <!-- get_user_nonBDD_with_HashParam -->
</testsuite> <!-- Default test -->
