<?xml version="1.0" encoding="UTF-8"?>
<!-- Generated by org.testng.reporters.JUnitXMLReporter -->
<testsuite hostname="MacBook-Pro-of-Yogesh.local" ignored="2" name="Default test" tests="1" failures="0" timestamp="08 Jan 2022 14:25:06 GMT" time="1.193" errors="0">
  <testcase name="get_user_nonBDD_with_HashParam" time="1.177" classname="com.rest.api.get.get_nonBDD_API"/>
  <testcase name="get_user_nonBDD_with_Param" time="0.0" classname="com.rest.api.get.get_nonBDD_API">
    <ignored/>
  </testcase> <!-- get_user_nonBDD_with_Param -->
  <testcase name="get_user_nonBDD" time="0.0" classname="com.rest.api.get.get_nonBDD_API">
    <ignored/>
  </testcase> <!-- get_user_nonBDD -->
</testsuite> <!-- Default test -->
