<?xml version="1.0" encoding="UTF-8"?>
<testng-results skipped="0" failed="0" ignored="2" total="3" passed="1">
  <reporter-output>
  </reporter-output>
  <suite name="Default suite" duration-ms="2238" started-at="2022-01-05T04:12:14Z" finished-at="2022-01-05T04:12:16Z">
    <groups>
    </groups>
    <test name="Default test" duration-ms="2238" started-at="2022-01-05T04:12:14Z" finished-at="2022-01-05T04:12:16Z">
      <class name="com.rest.api.auth.AuthAPIs">
        <test-method status="PASS" signature="basicAuth_test_api()[pri:0, instance:com.rest.api.auth.AuthAPIs@61dd025]" name="basicAuth_test_api" duration-ms="2188" started-at="2022-01-05T04:12:14Z" finished-at="2022-01-05T04:12:16Z">
          <reporter-output>
          </reporter-output>
        </test-method> <!-- basicAuth_test_api -->
      </class> <!-- com.rest.api.auth.AuthAPIs -->
    </test> <!-- Default test -->
  </suite> <!-- Default suite -->
</testng-results>
